OMP: Warning #58: KMP_AFFINITY: parameter invalid, ignoring "balance".
    1    8.958216e+00
  101    8.313496e+00
  201    2.090443e+00
  301    3.811029e-01
  401    3.769653e-02
  501    9.429978e-04
  601    4.940783e-05
  701    1.888611e-06
  801    2.243179e-08
  826    9.818026e-09
    5.797029e+00 sec. (solver)
   2097152    1.459831e+04
OMP: Warning #58: KMP_AFFINITY: parameter invalid, ignoring "balance".
    1    8.958216e+00
  101    8.313496e+00
  201    2.090443e+00
  301    3.811029e-01
  401    3.769653e-02
  501    9.429978e-04
  601    4.940783e-05
  701    1.888611e-06
  801    2.243179e-08
  826    9.818026e-09
    5.870788e+00 sec. (solver)
   2097152    1.459831e+04
OMP: Warning #58: KMP_AFFINITY: parameter invalid, ignoring "balance".
    1    8.958216e+00
  101    8.313496e+00
  201    2.090443e+00
  301    3.811029e-01
  401    3.769653e-02
  501    9.429978e-04
  601    4.940783e-05
  701    1.888611e-06
  801    2.243179e-08
  826    9.818026e-09
    5.762224e+00 sec. (solver)
   2097152    1.459831e+04
OMP: Warning #58: KMP_AFFINITY: parameter invalid, ignoring "balance".
    1    8.958216e+00
  101    8.313496e+00
  201    2.090443e+00
  301    3.811029e-01
  401    3.769653e-02
  501    9.429978e-04
  601    4.940783e-05
  701    1.888611e-06
  801    2.243179e-08
  826    9.818026e-09
    5.795662e+00 sec. (solver)
   2097152    1.459831e+04
OMP: Warning #58: KMP_AFFINITY: parameter invalid, ignoring "balance".
    1    8.958216e+00
  101    8.313496e+00
  201    2.090443e+00
  301    3.811029e-01
  401    3.769653e-02
  501    9.429978e-04
  601    4.940783e-05
  701    1.888611e-06
  801    2.243179e-08
  826    9.818026e-09
    5.759959e+00 sec. (solver)
   2097152    1.459831e+04
