OMP: Warning #58: KMP_AFFINITY: parameter invalid, ignoring "balance".
    1    8.958216e+00
  101    8.313496e+00
  201    2.090443e+00
  301    3.811029e-01
  401    3.769653e-02
  501    9.429978e-04
  601    4.940783e-05
  701    1.888611e-06
  801    2.243179e-08
  826    9.818026e-09
    2.519842e+00 sec. (solver)
   2097152    1.459831e+04
OMP: Warning #58: KMP_AFFINITY: parameter invalid, ignoring "balance".
    1    8.958216e+00
  101    8.313496e+00
  201    2.090443e+00
  301    3.811029e-01
  401    3.769653e-02
  501    9.429978e-04
  601    4.940783e-05
  701    1.888611e-06
  801    2.243179e-08
  826    9.818026e-09
    2.483051e+00 sec. (solver)
   2097152    1.459831e+04
OMP: Warning #58: KMP_AFFINITY: parameter invalid, ignoring "balance".
    1    8.958216e+00
  101    8.313496e+00
  201    2.090443e+00
  301    3.811029e-01
  401    3.769653e-02
  501    9.429978e-04
  601    4.940783e-05
  701    1.888611e-06
  801    2.243179e-08
  826    9.818026e-09
    2.550588e+00 sec. (solver)
   2097152    1.459831e+04
OMP: Warning #58: KMP_AFFINITY: parameter invalid, ignoring "balance".
    1    8.958216e+00
  101    8.313496e+00
  201    2.090443e+00
  301    3.811029e-01
  401    3.769653e-02
  501    9.429978e-04
  601    4.940783e-05
  701    1.888611e-06
  801    2.243179e-08
  826    9.818026e-09
    2.513397e+00 sec. (solver)
   2097152    1.459831e+04
OMP: Warning #58: KMP_AFFINITY: parameter invalid, ignoring "balance".
    1    8.958216e+00
  101    8.313496e+00
  201    2.090443e+00
  301    3.811029e-01
  401    3.769653e-02
  501    9.429978e-04
  601    4.940783e-05
  701    1.888611e-06
  801    2.243179e-08
  826    9.818026e-09
    2.303867e+00 sec. (solver)
   2097152    1.459831e+04
