    1    8.958216e+00
  101    8.313496e+00
  201    2.090443e+00
  301    3.811029e-01
  401    3.769653e-02
  501    9.429978e-04
  601    4.940783e-05
  701    1.888611e-06
  801    2.243179e-08
  826    9.818026e-09
    2.422496e+00 sec. (solver)
   2097152    1.459831e+04
    1    8.958216e+00
  101    8.313496e+00
  201    2.090443e+00
  301    3.811029e-01
  401    3.769653e-02
  501    9.429978e-04
  601    4.940783e-05
  701    1.888611e-06
  801    2.243179e-08
  826    9.818026e-09
    2.497192e+00 sec. (solver)
   2097152    1.459831e+04
    1    8.958216e+00
  101    8.313496e+00
  201    2.090443e+00
  301    3.811029e-01
  401    3.769653e-02
  501    9.429978e-04
  601    4.940783e-05
  701    1.888611e-06
  801    2.243179e-08
  826    9.818026e-09
    2.382818e+00 sec. (solver)
   2097152    1.459831e+04
    1    8.958216e+00
  101    8.313496e+00
  201    2.090443e+00
  301    3.811029e-01
  401    3.769653e-02
  501    9.429978e-04
  601    4.940783e-05
  701    1.888611e-06
  801    2.243179e-08
  826    9.818026e-09
    2.415557e+00 sec. (solver)
   2097152    1.459831e+04
    1    8.958216e+00
  101    8.313496e+00
  201    2.090443e+00
  301    3.811029e-01
  401    3.769653e-02
  501    9.429978e-04
  601    4.940783e-05
  701    1.888611e-06
  801    2.243179e-08
  826    9.818026e-09
    2.469153e+00 sec. (solver)
   2097152    1.459831e+04
