    1    8.958216e+00
  101    8.313496e+00
  201    2.090443e+00
  301    3.811029e-01
  401    3.769653e-02
  501    9.429978e-04
  601    4.940783e-05
  701    1.888611e-06
  801    2.243179e-08
  826    9.818026e-09
    2.225041e+00 sec. (solver)
   2097152    1.459831e+04
    1    8.958216e+00
  101    8.313496e+00
  201    2.090443e+00
  301    3.811029e-01
  401    3.769653e-02
  501    9.429978e-04
  601    4.940783e-05
  701    1.888611e-06
  801    2.243179e-08
  826    9.818026e-09
    2.394938e+00 sec. (solver)
   2097152    1.459831e+04
    1    8.958216e+00
  101    8.313496e+00
  201    2.090443e+00
  301    3.811029e-01
  401    3.769653e-02
  501    9.429978e-04
  601    4.940783e-05
  701    1.888611e-06
  801    2.243179e-08
  826    9.818026e-09
    2.339280e+00 sec. (solver)
   2097152    1.459831e+04
    1    8.958216e+00
  101    8.313496e+00
  201    2.090443e+00
  301    3.811029e-01
  401    3.769653e-02
  501    9.429978e-04
  601    4.940783e-05
  701    1.888611e-06
  801    2.243179e-08
  826    9.818026e-09
    2.456329e+00 sec. (solver)
   2097152    1.459831e+04
    1    8.958216e+00
  101    8.313496e+00
  201    2.090443e+00
  301    3.811029e-01
  401    3.769653e-02
  501    9.429978e-04
  601    4.940783e-05
  701    1.888611e-06
  801    2.243179e-08
  826    9.818026e-09
    2.383678e+00 sec. (solver)
   2097152    1.459831e+04
