    1    1.270445e+01
  101    1.246883e+01
  201    1.168949e+01
  301    8.594623e+00
  401    3.133027e+00
  501    1.429884e+00
  601    5.296221e-01
  701    2.217625e-01
  801    5.031069e-02
  901    8.195872e-03
 1001    1.019363e-03
 1101    3.056459e-04
 1201    6.013181e-05
 1301    8.201550e-06
 1401    1.685672e-06
 1501    2.609365e-07
 1601    2.027190e-08
 1648    9.832961e-09
    1.237590e+02 sec. (solver)
  16777216    5.820393e+04
    1    1.270445e+01
  101    1.246883e+01
  201    1.168949e+01
  301    8.594623e+00
  401    3.133027e+00
  501    1.429884e+00
  601    5.296221e-01
  701    2.217625e-01
  801    5.031069e-02
  901    8.195872e-03
 1001    1.019363e-03
 1101    3.056459e-04
 1201    6.013181e-05
 1301    8.201550e-06
 1401    1.685672e-06
 1501    2.609365e-07
 1601    2.027190e-08
 1648    9.832958e-09
    1.241958e+02 sec. (solver)
  16777216    5.820393e+04
    1    1.270445e+01
  101    1.246883e+01
  201    1.168949e+01
  301    8.594623e+00
  401    3.133027e+00
  501    1.429884e+00
  601    5.296221e-01
  701    2.217625e-01
  801    5.031069e-02
  901    8.195872e-03
 1001    1.019363e-03
 1101    3.056459e-04
 1201    6.013181e-05
 1301    8.201550e-06
 1401    1.685672e-06
 1501    2.609365e-07
 1601    2.027191e-08
 1648    9.832965e-09
    1.234610e+02 sec. (solver)
  16777216    5.820393e+04
    1    1.270445e+01
  101    1.246883e+01
  201    1.168949e+01
  301    8.594623e+00
  401    3.133027e+00
  501    1.429884e+00
  601    5.296221e-01
  701    2.217625e-01
  801    5.031069e-02
  901    8.195872e-03
 1001    1.019363e-03
 1101    3.056459e-04
 1201    6.013181e-05
 1301    8.201550e-06
 1401    1.685672e-06
 1501    2.609365e-07
 1601    2.027190e-08
 1648    9.832959e-09
    1.238920e+02 sec. (solver)
  16777216    5.820393e+04
    1    1.270445e+01
  101    1.246883e+01
  201    1.168949e+01
  301    8.594623e+00
  401    3.133027e+00
  501    1.429884e+00
  601    5.296221e-01
  701    2.217625e-01
  801    5.031069e-02
  901    8.195872e-03
 1001    1.019363e-03
 1101    3.056459e-04
 1201    6.013181e-05
 1301    8.201550e-06
 1401    1.685672e-06
 1501    2.609365e-07
 1601    2.027190e-08
 1648    9.832959e-09
    1.239002e+02 sec. (solver)
  16777216    5.820393e+04
