    1    8.958216e+00
  101    8.313496e+00
  201    2.090443e+00
  301    3.811029e-01
  401    3.769653e-02
  501    9.429978e-04
  601    4.940783e-05
  701    1.888611e-06
  801    2.243179e-08
  826    9.818026e-09
    9.651494e+01 sec. (solver)
   2097152    1.459831e+04

 Performance counter stats for './sol20':

    5391561.754120      task-clock (msec)         #   55.605 CPUs utilized          
            10,505      context-switches          #    0.002 K/sec                  
               111      cpu-migrations            #    0.000 K/sec                  
           289,109      page-faults               #    0.054 K/sec                  
17,772,805,959,606      cycles                    #    3.296 GHz                    
   592,067,084,243      instructions              #    0.03  insn per cycle         
    84,578,497,825      branches                  #   15.687 M/sec                  
        23,294,799      branch-misses             #    0.03% of all branches        

      96.962548787 seconds time elapsed

